c:\users\bahoz\source\repos\polygonal random field sampler\polygonal random field sampler\x64\debug\vc143.pdb
c:\users\bahoz\source\repos\polygonal random field sampler\polygonal random field sampler\x64\debug\vc143.idb
c:\users\bahoz\source\repos\polygonal random field sampler\polygonal random field sampler\x64\debug\main.obj
c:\users\bahoz\source\repos\polygonal random field sampler\polygonal random field sampler\x64\debug\particle.obj
c:\users\bahoz\source\repos\polygonal random field sampler\polygonal random field sampler\x64\debug\metropolis hastings.obj
c:\users\bahoz\source\repos\polygonal random field sampler\polygonal random field sampler\x64\debug\birth site.obj
c:\users\bahoz\source\repos\polygonal random field sampler\polygonal random field sampler\x64\debug\dynamic graph.obj
c:\users\bahoz\source\repos\polygonal random field sampler\polygonal random field sampler\x64\debug\samplerectangle.obj
c:\users\bahoz\source\repos\polygonal random field sampler\polygonal random field sampler\x64\debug\samplerectanglemrfprfcpp.obj
c:\users\bahoz\source\repos\polygonal random field sampler\polygonal random field sampler\x64\debug\markov random field.obj
c:\users\bahoz\source\repos\polygonal random field sampler\x64\debug\polygonal random field sampler.exe
c:\users\bahoz\source\repos\polygonal random field sampler\polygonal random field sampler\x64\debug\polygonal random field sampler.ilk
c:\users\bahoz\source\repos\polygonal random field sampler\x64\debug\polygonal random field sampler.pdb
c:\users\bahoz\source\repos\polygonal random field sampler\polygonal random field sampler\x64\debug\particle.obj.enc
c:\users\bahoz\source\repos\polygonal random field sampler\polygonal random field sampler\x64\debug\samplerectangle.obj.enc
c:\users\bahoz\source\repos\polygonal random field sampler\polygonal random field sampler\x64\debug\polygona.a8a035cf.tlog\cl.command.1.tlog
c:\users\bahoz\source\repos\polygonal random field sampler\polygonal random field sampler\x64\debug\polygona.a8a035cf.tlog\cl.read.1.tlog
c:\users\bahoz\source\repos\polygonal random field sampler\polygonal random field sampler\x64\debug\polygona.a8a035cf.tlog\cl.write.1.tlog
c:\users\bahoz\source\repos\polygonal random field sampler\polygonal random field sampler\x64\debug\polygona.a8a035cf.tlog\link.command.1.tlog
c:\users\bahoz\source\repos\polygonal random field sampler\polygonal random field sampler\x64\debug\polygona.a8a035cf.tlog\link.read.1.tlog
c:\users\bahoz\source\repos\polygonal random field sampler\polygonal random field sampler\x64\debug\polygona.a8a035cf.tlog\link.write.1.tlog
